<?xml version="1.0" encoding="UTF-8"?>
<!-- Generated by org.testng.reporters.JUnitReportReporter -->
<testsuite hostname="Ashishs-MacBook-Pro.local" failures="0" tests="1" name="test.AddContactTest" time="9.034" errors="0" timestamp="2019-08-30T16:27:28 MDT" skipped="0">
  <testcase classname="test.AddContactTest" name="AddContact" time="9.034"/>
</testsuite> <!-- test.AddContactTest -->
