<?xml version="1.0" encoding="UTF-8"?>
<!-- Generated by org.testng.reporters.JUnitReportReporter -->
<testsuite hostname="Ashishs-MacBook-Pro.local" failures="0" tests="1" name="test.ThirdTest" time="4.936" errors="0" timestamp="2019-09-01T16:35:37 MDT" skipped="0">
  <testcase classname="test.ThirdTest" name="getScreenshot" time="4.936"/>
</testsuite> <!-- test.ThirdTest -->
