<?xml version="1.0" encoding="UTF-8"?>
<!-- Generated by org.testng.reporters.JUnitReportReporter -->
<testsuite hostname="Ashishs-MacBook-Pro.local" failures="0" tests="1" name="test.AlertPopup" time="8.190" errors="0" timestamp="2019-09-01T16:54:44 MDT" skipped="0">
  <testcase classname="test.AlertPopup" name="popupTest" time="8.190"/>
</testsuite> <!-- test.AlertPopup -->
